<?xml version="1.0" encoding="UTF-8"?>
<!-- Generated by org.testng.reporters.JUnitReportReporter -->
<testsuite hostname="INBOOK_X1_SLIM" failures="0" tests="3" name="test.demo" time="103.408" errors="0" timestamp="01 Jul 2023 03:52:57 GMT" skipped="0">
  <testcase classname="test.demo" name="ReadingFromExternalData" time="16.077"/>
  <testcase classname="test.demo" name="ReadingFromExternalData" time="61.728"/>
  <testcase classname="test.demo" name="ReadingFromExternalData" time="25.603"/>
</testsuite> <!-- test.demo -->
