<?xml version="1.0" encoding="UTF-8"?>
<!-- Generated by org.testng.reporters.JUnitReportReporter -->
<testsuite hostname="INBOOK_X1_SLIM" failures="0" tests="1" name="LOGIN.Tc_01" time="26.075" errors="0" timestamp="22 Jun 2023 04:23:16 GMT" skipped="0">
  <testcase classname="LOGIN.Tc_01" name="validatingLoginFunctionality" time="26.075"/>
</testsuite> <!-- LOGIN.Tc_01 -->
