<?xml version="1.0" encoding="UTF-8"?>
<!-- Generated by org.testng.reporters.JUnitReportReporter -->
<testsuite hostname="INBOOK_X1_SLIM" failures="0" tests="3" name="test.datautilisation" time="0.015" errors="0" timestamp="14 Jun 2023 03:59:11 GMT" skipped="0">
  <testcase classname="test.datautilisation" name="demo" time="0.004"/>
  <testcase classname="test.datautilisation" name="demo" time="0.004"/>
  <testcase classname="test.datautilisation" name="demo" time="0.007"/>
</testsuite> <!-- test.datautilisation -->
