<?xml version="1.0" encoding="UTF-8"?>
<!-- Generated by org.testng.reporters.JUnitReportReporter -->
<testsuite hostname="INBOOK_X1_SLIM" failures="0" tests="1" name="Vtiger.Tc_2" time="13.098" errors="0" timestamp="28 Jun 2023 14:37:58 GMT" skipped="0">
  <testcase classname="Vtiger.Tc_2" name="createOrgwithTypeAndIndustry" time="13.098"/>
</testsuite> <!-- Vtiger.Tc_2 -->
