<?xml version="1.0" encoding="UTF-8"?>
<!-- Generated by org.testng.reporters.JUnitReportReporter -->
<testsuite hostname="INBOOK_X1_SLIM" failures="0" tests="2" name="demotest.Annotationtest" time="16.374" errors="0" timestamp="15 Jun 2023 04:41:29 GMT" skipped="0">
  <testcase classname="demotest.Annotationtest" name="logintopage1" time="9.852"/>
  <testcase classname="demotest.Annotationtest" name="logintopage" time="6.522"/>
</testsuite> <!-- demotest.Annotationtest -->
