<?xml version="1.0" encoding="UTF-8"?>
<!-- Generated by org.testng.reporters.JUnitReportReporter -->
<testsuite hostname="INBOOK_X1_SLIM" failures="0" tests="1" name="Vtiger.Tc_05" time="11.730" errors="0" timestamp="28 Jun 2023 14:25:38 GMT" skipped="0">
  <testcase classname="Vtiger.Tc_05" name="createLeads" time="11.730"/>
</testsuite> <!-- Vtiger.Tc_05 -->
