<?xml version="1.0" encoding="UTF-8"?>
<!-- Generated by org.testng.reporters.JUnitReportReporter -->
<testsuite hostname="INBOOK_X1_SLIM" failures="0" tests="1" name="Vtiger.Tc_04" time="15.651" errors="0" timestamp="28 Jun 2023 14:25:38 GMT" skipped="0">
  <testcase classname="Vtiger.Tc_04" name="createContactWithOrg" time="15.651"/>
</testsuite> <!-- Vtiger.Tc_04 -->
