<?xml version="1.0" encoding="UTF-8"?>
<!-- Generated by org.testng.reporters.JUnitReportReporter -->
<testsuite hostname="INBOOK_X1_SLIM" failures="0" tests="1" name="Vtiger.Tc_09" time="15.458" errors="0" timestamp="28 Jun 2023 14:25:38 GMT" skipped="0">
  <testcase classname="Vtiger.Tc_09" name="DelMulData" time="15.458"/>
</testsuite> <!-- Vtiger.Tc_09 -->
