<?xml version="1.0" encoding="UTF-8"?>
<!-- Generated by org.testng.reporters.JUnitReportReporter -->
<testsuite hostname="INBOOK_X1_SLIM" failures="0" tests="1" name="Vtiger.Tc_06_Test" time="11.457" errors="0" timestamp="04 Jul 2023 04:00:58 GMT" skipped="0">
  <testcase classname="Vtiger.Tc_06_Test" name="deletelead" time="11.457"/>
</testsuite> <!-- Vtiger.Tc_06_Test -->
