<?xml version="1.0" encoding="UTF-8"?>
<!-- Generated by org.testng.reporters.JUnitReportReporter -->
<testsuite hostname="INBOOK_X1_SLIM" failures="0" tests="3" name="test.methods" time="0.013" errors="0" timestamp="14 Jun 2023 04:03:14 GMT" skipped="0">
  <testcase classname="test.methods" name="demo1" time="0.004"/>
  <testcase classname="test.methods" name="demo1" time="0.002"/>
  <testcase classname="test.methods" name="demo1" time="0.007"/>
</testsuite> <!-- test.methods -->
