<?xml version="1.0" encoding="UTF-8"?>
<!-- Generated by org.testng.reporters.JUnitReportReporter -->
<testsuite hostname="INBOOK_X1_SLIM" failures="0" tests="1" name="Vtiger.Tc_01_Test" time="0.058" errors="0" timestamp="04 Jul 2023 04:00:58 GMT" skipped="0">
  <testcase classname="Vtiger.Tc_01_Test" name="validateLoginpage" time="0.058"/>
</testsuite> <!-- Vtiger.Tc_01_Test -->
