<?xml version="1.0" encoding="UTF-8"?>
<!-- Generated by org.testng.reporters.JUnitReportReporter -->
<testsuite hostname="INBOOK_X1_SLIM" failures="0" tests="1" name="Vtiger.Tc_06" time="14.358" errors="0" timestamp="28 Jun 2023 14:25:38 GMT" skipped="0">
  <testcase classname="Vtiger.Tc_06" name="deletelead" time="14.358"/>
</testsuite> <!-- Vtiger.Tc_06 -->
