<?xml version="1.0" encoding="UTF-8"?>
<!-- Generated by org.testng.reporters.JUnitReportReporter -->
<testsuite hostname="INBOOK_X1_SLIM" failures="0" tests="1" name="Vtiger.Tc_04_Test" time="16.058" errors="0" timestamp="04 Jul 2023 04:00:58 GMT" skipped="0">
  <testcase classname="Vtiger.Tc_04_Test" name="createContactWithOrg" time="16.058"/>
</testsuite> <!-- Vtiger.Tc_04_Test -->
